  curl_ctype.c
  curl_multibyte.c
  dynbuf.c
  nonblock.c
  strtoofft.c
  timediff.c
  version_win32.c
  warnless.c
  slist_wc.c
  tool_binmode.c
  tool_bname.c
  tool_cb_dbg.c
  tool_cb_hdr.c
  tool_cb_prg.c
  tool_cb_rea.c
  tool_cb_see.c
  tool_cb_wrt.c
  tool_cfgable.c
  tool_dirhie.c
  tool_doswin.c
  Создание кода...
  Компиляция...
  tool_easysrc.c
  tool_filetime.c
  tool_findfile.c
  tool_formparse.c
  tool_getparam.c
  tool_getpass.c
  tool_help.c
  tool_helpers.c
  tool_hugehelp.c
  tool_libinfo.c
  tool_listhelp.c
  tool_main.c
  tool_msgs.c
  tool_operate.c
  tool_operhlp.c
  tool_panykey.c
  tool_paramhlp.c
  tool_parsecfg.c
  tool_progress.c
  tool_setopt.c
  Создание кода...
  Компиляция...
  tool_sleep.c
  tool_strdup.c
  tool_urlglob.c
  tool_util.c
  tool_vms.c
  tool_writeout.c
  tool_writeout_json.c
  tool_xattr.c
  Создание кода...
  curl.vcxproj -> D:\macostest\hello_imgui-master\curl-7.83.1\build\Win32\VC14.30\LIB Release - DLL Windows SSPI\curl.exe
